<?xml version="1.0" encoding="UTF-8"?>
<testng-results ignored="0" total="20" passed="20" failed="0" skipped="0">
  <reporter-output>
  </reporter-output>
  <suite started-at="2023-05-05T17:52:32 IST" name="Suite" finished-at="2023-05-05T17:53:12 IST" duration-ms="39444">
    <groups>
    </groups>
    <test started-at="2023-05-05T17:52:32 IST" name="Test" finished-at="2023-05-05T17:53:12 IST" duration-ms="39444">
      <class name="github_api_test_cases.githubAPI_cases">
        <test-method signature="CREATE_A_REPOSITORY_FOR_A_AUTHENTICATED_USER()[pri:0, instance:github_api_test_cases.githubAPI_cases@49e5f737]" started-at="2023-05-05T17:52:33 IST" name="CREATE_A_REPOSITORY_FOR_A_AUTHENTICATED_USER" finished-at="2023-05-05T17:52:52 IST" duration-ms="19404" status="PASS">
          <reporter-output>
          </reporter-output>
        </test-method> <!-- CREATE_A_REPOSITORY_FOR_A_AUTHENTICATED_USER -->
        <test-method signature="UPDATE_A_REPOSITORY()[pri:1, instance:github_api_test_cases.githubAPI_cases@49e5f737]" started-at="2023-05-05T17:52:52 IST" name="UPDATE_A_REPOSITORY" finished-at="2023-05-05T17:52:53 IST" duration-ms="938" status="PASS">
          <reporter-output>
          </reporter-output>
        </test-method> <!-- UPDATE_A_REPOSITORY -->
        <test-method signature="GET_A_REPOSITORY()[pri:2, instance:github_api_test_cases.githubAPI_cases@49e5f737]" started-at="2023-05-05T17:52:53 IST" name="GET_A_REPOSITORY" finished-at="2023-05-05T17:52:54 IST" duration-ms="610" status="PASS">
          <reporter-output>
          </reporter-output>
        </test-method> <!-- GET_A_REPOSITORY -->
        <test-method signature="CREATE_FILE_CONTENT()[pri:3, instance:github_api_test_cases.githubAPI_cases@49e5f737]" started-at="2023-05-05T17:52:54 IST" name="CREATE_FILE_CONTENT" finished-at="2023-05-05T17:52:54 IST" duration-ms="704" status="PASS">
          <reporter-output>
          </reporter-output>
        </test-method> <!-- CREATE_FILE_CONTENT -->
        <test-method signature="CREATE_A_FORK()[pri:4, instance:github_api_test_cases.githubAPI_cases@49e5f737]" started-at="2023-05-05T17:52:54 IST" name="CREATE_A_FORK" finished-at="2023-05-05T17:53:01 IST" duration-ms="6750" status="PASS">
          <reporter-output>
          </reporter-output>
        </test-method> <!-- CREATE_A_FORK -->
        <test-method signature="LIST_FORK()[pri:5, instance:github_api_test_cases.githubAPI_cases@49e5f737]" started-at="2023-05-05T17:53:01 IST" name="LIST_FORK" finished-at="2023-05-05T17:53:02 IST" duration-ms="537" status="PASS">
          <reporter-output>
          </reporter-output>
        </test-method> <!-- LIST_FORK -->
        <test-method signature="LIST_REPOSITORIES_FOR_A_USER()[pri:6, instance:github_api_test_cases.githubAPI_cases@49e5f737]" started-at="2023-05-05T17:53:02 IST" name="LIST_REPOSITORIES_FOR_A_USER" finished-at="2023-05-05T17:53:03 IST" duration-ms="931" status="PASS">
          <reporter-output>
          </reporter-output>
        </test-method> <!-- LIST_REPOSITORIES_FOR_A_USER -->
        <test-method signature="LIST_REPOSITORY_LANGUAGE()[pri:7, instance:github_api_test_cases.githubAPI_cases@49e5f737]" started-at="2023-05-05T17:53:03 IST" name="LIST_REPOSITORY_LANGUAGE" finished-at="2023-05-05T17:53:03 IST" duration-ms="482" status="PASS">
          <reporter-output>
          </reporter-output>
        </test-method> <!-- LIST_REPOSITORY_LANGUAGE -->
        <test-method signature="LIST_PUBLIC_REPOSITORIES()[pri:8, instance:github_api_test_cases.githubAPI_cases@49e5f737]" started-at="2023-05-05T17:53:03 IST" name="LIST_PUBLIC_REPOSITORIES" finished-at="2023-05-05T17:53:05 IST" duration-ms="1453" status="PASS">
          <reporter-output>
          </reporter-output>
        </test-method> <!-- LIST_PUBLIC_REPOSITORIES -->
        <test-method signature="CREATE_A_RELEASE()[pri:9, instance:github_api_test_cases.githubAPI_cases@49e5f737]" started-at="2023-05-05T17:53:05 IST" name="CREATE_A_RELEASE" finished-at="2023-05-05T17:53:05 IST" duration-ms="826" status="PASS">
          <reporter-output>
          </reporter-output>
        </test-method> <!-- CREATE_A_RELEASE -->
        <test-method signature="LIST_REPOSITORY_TAGS()[pri:10, instance:github_api_test_cases.githubAPI_cases@49e5f737]" started-at="2023-05-05T17:53:05 IST" name="LIST_REPOSITORY_TAGS" finished-at="2023-05-05T17:53:06 IST" duration-ms="451" status="PASS">
          <reporter-output>
          </reporter-output>
        </test-method> <!-- LIST_REPOSITORY_TAGS -->
        <test-method signature="CREATE_AN_AUTOLINK_REFERENCE_FOR_A_REPOSITORY()[pri:11, instance:github_api_test_cases.githubAPI_cases@49e5f737]" started-at="2023-05-05T17:53:06 IST" name="CREATE_AN_AUTOLINK_REFERENCE_FOR_A_REPOSITORY" finished-at="2023-05-05T17:53:06 IST" duration-ms="545" status="PASS">
          <reporter-output>
          </reporter-output>
        </test-method> <!-- CREATE_AN_AUTOLINK_REFERENCE_FOR_A_REPOSITORY -->
        <test-method signature="GET_AN_AUTOLINK_REFERENCE_FOR_A_REPOSITORY()[pri:12, instance:github_api_test_cases.githubAPI_cases@49e5f737]" started-at="2023-05-05T17:53:06 IST" name="GET_AN_AUTOLINK_REFERENCE_FOR_A_REPOSITORY" finished-at="2023-05-05T17:53:07 IST" duration-ms="441" status="PASS">
          <reporter-output>
          </reporter-output>
        </test-method> <!-- GET_AN_AUTOLINK_REFERENCE_FOR_A_REPOSITORY -->
        <test-method signature="GET_A_REPOSITORY_AGAIN()[pri:13, instance:github_api_test_cases.githubAPI_cases@49e5f737]" started-at="2023-05-05T17:53:07 IST" name="GET_A_REPOSITORY_AGAIN" finished-at="2023-05-05T17:53:07 IST" duration-ms="491" status="PASS">
          <reporter-output>
          </reporter-output>
        </test-method> <!-- GET_A_REPOSITORY_AGAIN -->
        <test-method signature="REPLACE_ALL_REPOSITORY_TOPICS()[pri:14, instance:github_api_test_cases.githubAPI_cases@49e5f737]" started-at="2023-05-05T17:53:07 IST" name="REPLACE_ALL_REPOSITORY_TOPICS" finished-at="2023-05-05T17:53:08 IST" duration-ms="920" status="PASS">
          <reporter-output>
          </reporter-output>
        </test-method> <!-- REPLACE_ALL_REPOSITORY_TOPICS -->
        <test-method signature="GET_ALL_REPOSITORY_TOPICS()[pri:15, instance:github_api_test_cases.githubAPI_cases@49e5f737]" started-at="2023-05-05T17:53:08 IST" name="GET_ALL_REPOSITORY_TOPICS" finished-at="2023-05-05T17:53:09 IST" duration-ms="482" status="PASS">
          <reporter-output>
          </reporter-output>
        </test-method> <!-- GET_ALL_REPOSITORY_TOPICS -->
        <test-method signature="DELETE_AN_AUTOLINK_REFERENCE_FOR_A_REPOSITORY()[pri:17, instance:github_api_test_cases.githubAPI_cases@49e5f737]" started-at="2023-05-05T17:53:09 IST" name="DELETE_AN_AUTOLINK_REFERENCE_FOR_A_REPOSITORY" finished-at="2023-05-05T17:53:09 IST" duration-ms="456" status="PASS">
          <reporter-output>
          </reporter-output>
        </test-method> <!-- DELETE_AN_AUTOLINK_REFERENCE_FOR_A_REPOSITORY -->
        <test-method signature="DELETE_FORK()[pri:18, instance:github_api_test_cases.githubAPI_cases@49e5f737]" started-at="2023-05-05T17:53:09 IST" name="DELETE_FORK" finished-at="2023-05-05T17:53:10 IST" duration-ms="660" status="PASS">
          <reporter-output>
          </reporter-output>
        </test-method> <!-- DELETE_FORK -->
        <test-method signature="DELETE_A_FILE()[pri:19, instance:github_api_test_cases.githubAPI_cases@49e5f737]" started-at="2023-05-05T17:53:10 IST" name="DELETE_A_FILE" finished-at="2023-05-05T17:53:11 IST" duration-ms="1440" status="PASS">
          <reporter-output>
          </reporter-output>
        </test-method> <!-- DELETE_A_FILE -->
        <test-method signature="DELETE_A_REPOSITORY()[pri:20, instance:github_api_test_cases.githubAPI_cases@49e5f737]" started-at="2023-05-05T17:53:11 IST" name="DELETE_A_REPOSITORY" finished-at="2023-05-05T17:53:12 IST" duration-ms="648" status="PASS">
          <reporter-output>
          </reporter-output>
        </test-method> <!-- DELETE_A_REPOSITORY -->
      </class> <!-- github_api_test_cases.githubAPI_cases -->
    </test> <!-- Test -->
  </suite> <!-- Suite -->
</testng-results>
