<?xml version="1.0" encoding="UTF-8"?>
<!-- Generated by org.testng.reporters.JUnitXMLReporter -->
<testsuite ignored="0" hostname="kaushik" failures="0" tests="20" name="Default test" time="33.815" errors="0" timestamp="2023-05-05T16:33:32 IST">
  <testcase classname="github_api_test_cases.githubAPI_cases" name="CREATE_A_REPOSITORY_FOR_A_AUTHENTICATED_USER" time="13.045"/>
  <testcase classname="github_api_test_cases.githubAPI_cases" name="UPDATE_A_REPOSITORY" time="1.289"/>
  <testcase classname="github_api_test_cases.githubAPI_cases" name="GET_A_REPOSITORY" time="0.652"/>
  <testcase classname="github_api_test_cases.githubAPI_cases" name="CREATE_FILE_CONTENT" time="0.863"/>
  <testcase classname="github_api_test_cases.githubAPI_cases" name="CREATE_A_FORK" time="6.708"/>
  <testcase classname="github_api_test_cases.githubAPI_cases" name="LIST_FORK" time="0.622"/>
  <testcase classname="github_api_test_cases.githubAPI_cases" name="LIST_REPOSITORIES_FOR_A_USER" time="0.641"/>
  <testcase classname="github_api_test_cases.githubAPI_cases" name="LIST_REPOSITORY_LANGUAGE" time="0.504"/>
  <testcase classname="github_api_test_cases.githubAPI_cases" name="LIST_PUBLIC_REPOSITORIES" time="0.881"/>
  <testcase classname="github_api_test_cases.githubAPI_cases" name="CREATE_A_RELEASE" time="0.945"/>
  <testcase classname="github_api_test_cases.githubAPI_cases" name="LIST_REPOSITORY_TAGS" time="0.614"/>
  <testcase classname="github_api_test_cases.githubAPI_cases" name="CREATE_AN_AUTOLINK_REFERENCE_FOR_A_REPOSITORY" time="0.659"/>
  <testcase classname="github_api_test_cases.githubAPI_cases" name="GET_AN_AUTOLINK_REFERENCE_FOR_A_REPOSITORY" time="0.661"/>
  <testcase classname="github_api_test_cases.githubAPI_cases" name="GET_A_REPOSITORY_AGAIN" time="0.596"/>
  <testcase classname="github_api_test_cases.githubAPI_cases" name="REPLACE_ALL_REPOSITORY_TOPICS" time="1.086"/>
  <testcase classname="github_api_test_cases.githubAPI_cases" name="GET_ALL_REPOSITORY_TOPICS" time="0.522"/>
  <testcase classname="github_api_test_cases.githubAPI_cases" name="DELETE_AN_AUTOLINK_REFERENCE_FOR_A_REPOSITORY" time="0.43"/>
  <testcase classname="github_api_test_cases.githubAPI_cases" name="DELETE_FORK" time="0.683"/>
  <testcase classname="github_api_test_cases.githubAPI_cases" name="DELETE_A_FILE" time="1.454"/>
  <testcase classname="github_api_test_cases.githubAPI_cases" name="DELETE_A_REPOSITORY" time="0.659"/>
</testsuite> <!-- Default test -->
